<?xml version="1.0" encoding="UTF-8"?>
<robot generator="Robot 3.2 (Python 3.8.0 on win32)" generated="20200615 19:15:31.699" rpa="false">
<suite id="s1" name="DemoRobotJenkins" source="C:\Users\joych\NewWorkspace\DemoRobotJenkins">
<suite id="s1-s1" name="Testcase" source="C:\Users\joych\NewWorkspace\DemoRobotJenkins\Testcase">
<suite id="s1-s1-s1" name="Demo" source="C:\Users\joych\NewWorkspace\DemoRobotJenkins\Testcase\Demo.robot">
<test id="s1-s1-s1-t1" name="TC01_Open the browser">
<kw name="Open Browser" library="SeleniumLibrary">
<doc>Opens a new browser instance to the optional ``url``.</doc>
<arguments>
<arg>https://www.google.com</arg>
<arg>Chrome</arg>
</arguments>
<msg timestamp="20200615 19:15:33.346" level="INFO">Opening browser 'Chrome' to base url 'https://www.google.com'.</msg>
<status status="PASS" starttime="20200615 19:15:33.344" endtime="20200615 19:16:38.346"></status>
</kw>
<status status="PASS" starttime="20200615 19:15:33.341" endtime="20200615 19:16:38.348" critical="yes"></status>
</test>
<status status="PASS" starttime="20200615 19:15:32.591" endtime="20200615 19:16:38.352"></status>
</suite>
<status status="PASS" starttime="20200615 19:15:32.580" endtime="20200615 19:16:38.363"></status>
</suite>
<status status="PASS" starttime="20200615 19:15:32.414" endtime="20200615 19:16:38.373"></status>
</suite>
<statistics>
<total>
<stat pass="1" fail="0">Critical Tests</stat>
<stat pass="1" fail="0">All Tests</stat>
</total>
<tag>
</tag>
<suite>
<stat pass="1" fail="0" id="s1" name="DemoRobotJenkins">DemoRobotJenkins</stat>
<stat pass="1" fail="0" id="s1-s1" name="Testcase">DemoRobotJenkins.Testcase</stat>
<stat pass="1" fail="0" id="s1-s1-s1" name="Demo">DemoRobotJenkins.Testcase.Demo</stat>
</suite>
</statistics>
<errors>
</errors>
</robot>
